  Source.cpp
C:\Users\plays\source\repos\SFML-Electron\SFML-Electron\Interface_Object.h(180,1): warning C4305: 'argument': truncation from 'double' to 'T'
          with
          [
              T=float
          ]
C:\Users\plays\source\repos\SFML-Electron\SFML-Electron\Interface_Object.h(183,1): warning C4305: 'argument': truncation from 'double' to 'T'
          with
          [
              T=float
          ]
C:\Users\plays\source\repos\SFML-Electron\SFML-Electron\Interface_Object.h(602,16): warning C4129: 'V': unrecognized character escape sequence
C:\Users\plays\source\repos\SFML-Electron\SFML-Electron\Interface_Object.h(273,34): warning C4244: 'argument': conversion from 'int' to 'float', possible loss of data
C:\Users\plays\source\repos\SFML-Electron\SFML-Electron\Interface_Object.h(273,26): warning C4244: 'argument': conversion from 'int' to 'float', possible loss of data
C:\Users\plays\source\repos\SFML-Electron\SFML-Electron\Interface_Object.h(275,36): warning C4244: 'argument': conversion from 'int' to 'float', possible loss of data
C:\Users\plays\source\repos\SFML-Electron\SFML-Electron\Interface_Object.h(275,27): warning C4244: 'argument': conversion from 'int' to 'float', possible loss of data
C:\Users\plays\source\repos\SFML-Electron\SFML-Electron\Interface_Object.h(325,34): warning C4244: 'argument': conversion from 'int' to 'float', possible loss of data
C:\Users\plays\source\repos\SFML-Electron\SFML-Electron\Interface_Object.h(325,26): warning C4244: 'argument': conversion from 'int' to 'float', possible loss of data
C:\Users\plays\source\repos\SFML-Electron\SFML-Electron\Interface_Object.h(327,36): warning C4244: 'argument': conversion from 'int' to 'float', possible loss of data
C:\Users\plays\source\repos\SFML-Electron\SFML-Electron\Interface_Object.h(327,27): warning C4244: 'argument': conversion from 'int' to 'float', possible loss of data
C:\Users\plays\source\repos\SFML-Electron\SFML-Electron\Interface_Object.h(378,34): warning C4244: 'argument': conversion from 'int' to 'float', possible loss of data
C:\Users\plays\source\repos\SFML-Electron\SFML-Electron\Interface_Object.h(378,26): warning C4244: 'argument': conversion from 'int' to 'float', possible loss of data
C:\Users\plays\source\repos\SFML-Electron\SFML-Electron\Interface_Object.h(380,36): warning C4244: 'argument': conversion from 'int' to 'float', possible loss of data
C:\Users\plays\source\repos\SFML-Electron\SFML-Electron\Interface_Object.h(380,27): warning C4244: 'argument': conversion from 'int' to 'float', possible loss of data
C:\Users\plays\source\repos\SFML-Electron\SFML-Electron\Interface_Object.h(437,40): warning C4244: 'argument': conversion from 'int' to 'float', possible loss of data
C:\Users\plays\source\repos\SFML-Electron\SFML-Electron\Interface_Object.h(441,1): warning C4305: 'argument': truncation from 'double' to 'float'
C:\Users\plays\source\repos\SFML-Electron\SFML-Electron\Interface_Object.h(452,34): warning C4244: 'argument': conversion from 'int' to 'float', possible loss of data
C:\Users\plays\source\repos\SFML-Electron\SFML-Electron\Interface_Object.h(452,26): warning C4244: 'argument': conversion from 'int' to 'float', possible loss of data
C:\Users\plays\source\repos\SFML-Electron\SFML-Electron\Interface_Object.h(454,36): warning C4244: 'argument': conversion from 'int' to 'float', possible loss of data
C:\Users\plays\source\repos\SFML-Electron\SFML-Electron\Interface_Object.h(454,27): warning C4244: 'argument': conversion from 'int' to 'float', possible loss of data
C:\Users\plays\source\repos\SFML-Electron\SFML-Electron\Interface_Object.h(506,34): warning C4244: 'argument': conversion from 'int' to 'float', possible loss of data
C:\Users\plays\source\repos\SFML-Electron\SFML-Electron\Interface_Object.h(506,26): warning C4244: 'argument': conversion from 'int' to 'float', possible loss of data
C:\Users\plays\source\repos\SFML-Electron\SFML-Electron\Interface_Object.h(508,36): warning C4244: 'argument': conversion from 'int' to 'float', possible loss of data
C:\Users\plays\source\repos\SFML-Electron\SFML-Electron\Interface_Object.h(508,27): warning C4244: 'argument': conversion from 'int' to 'float', possible loss of data
C:\Users\plays\source\repos\SFML-Electron\SFML-Electron\Interface_Object.h(567,40): warning C4244: 'argument': conversion from 'int' to 'float', possible loss of data
C:\Users\plays\source\repos\SFML-Electron\SFML-Electron\Interface_Object.h(571,1): warning C4305: 'argument': truncation from 'double' to 'float'
C:\Users\plays\source\repos\SFML-Electron\SFML-Electron\Interface_Object.h(583,34): warning C4244: 'argument': conversion from 'int' to 'float', possible loss of data
C:\Users\plays\source\repos\SFML-Electron\SFML-Electron\Interface_Object.h(583,26): warning C4244: 'argument': conversion from 'int' to 'float', possible loss of data
C:\Users\plays\source\repos\SFML-Electron\SFML-Electron\Interface_Object.h(585,36): warning C4244: 'argument': conversion from 'int' to 'float', possible loss of data
C:\Users\plays\source\repos\SFML-Electron\SFML-Electron\Interface_Object.h(585,27): warning C4244: 'argument': conversion from 'int' to 'float', possible loss of data
C:\Users\plays\source\repos\SFML-Electron\SFML-Electron\Interface_Object.h(641,40): warning C4244: 'argument': conversion from 'int' to 'float', possible loss of data
C:\Users\plays\source\repos\SFML-Electron\SFML-Electron\Interface_Object.h(645,1): warning C4305: 'argument': truncation from 'double' to 'float'
C:\Users\plays\source\repos\SFML-Electron\SFML-Electron\Interface_Object.h(657,34): warning C4244: 'argument': conversion from 'int' to 'float', possible loss of data
C:\Users\plays\source\repos\SFML-Electron\SFML-Electron\Interface_Object.h(657,26): warning C4244: 'argument': conversion from 'int' to 'float', possible loss of data
C:\Users\plays\source\repos\SFML-Electron\SFML-Electron\Interface_Object.h(659,36): warning C4244: 'argument': conversion from 'int' to 'float', possible loss of data
C:\Users\plays\source\repos\SFML-Electron\SFML-Electron\Interface_Object.h(659,27): warning C4244: 'argument': conversion from 'int' to 'float', possible loss of data
C:\Users\plays\source\repos\SFML-Electron\SFML-Electron\Interface_Object.h(715,40): warning C4244: 'argument': conversion from 'int' to 'float', possible loss of data
C:\Users\plays\source\repos\SFML-Electron\SFML-Electron\Interface_Object.h(719,1): warning C4305: 'argument': truncation from 'double' to 'float'
C:\Users\plays\source\repos\SFML-Electron\SFML-Electron\Interface_Object.h(732,34): warning C4244: 'argument': conversion from 'int' to 'float', possible loss of data
C:\Users\plays\source\repos\SFML-Electron\SFML-Electron\Interface_Object.h(732,26): warning C4244: 'argument': conversion from 'int' to 'float', possible loss of data
C:\Users\plays\source\repos\SFML-Electron\SFML-Electron\Interface_Object.h(734,36): warning C4244: 'argument': conversion from 'int' to 'float', possible loss of data
C:\Users\plays\source\repos\SFML-Electron\SFML-Electron\Interface_Object.h(734,27): warning C4244: 'argument': conversion from 'int' to 'float', possible loss of data
C:\Users\plays\source\repos\SFML-Electron\SFML-Electron\Interface_Object.h(736,38): warning C4244: 'argument': conversion from 'int' to 'float', possible loss of data
C:\Users\plays\source\repos\SFML-Electron\SFML-Electron\Interface_Object.h(736,28): warning C4244: 'argument': conversion from 'int' to 'float', possible loss of data
C:\Users\plays\source\repos\SFML-Electron\SFML-Electron\Interface_Object.h(794,34): warning C4244: 'argument': conversion from 'int' to 'float', possible loss of data
C:\Users\plays\source\repos\SFML-Electron\SFML-Electron\Interface_Object.h(794,26): warning C4244: 'argument': conversion from 'int' to 'float', possible loss of data
C:\Users\plays\source\repos\SFML-Electron\SFML-Electron\Interface_Object.h(796,36): warning C4244: 'argument': conversion from 'int' to 'float', possible loss of data
C:\Users\plays\source\repos\SFML-Electron\SFML-Electron\Interface_Object.h(796,27): warning C4244: 'argument': conversion from 'int' to 'float', possible loss of data
C:\Users\plays\source\repos\SFML-Electron\SFML-Electron\Interface_Object.h(1052,1): warning C4305: 'argument': truncation from 'double' to 'T'
          with
          [
              T=float
          ]
C:\Users\plays\source\repos\SFML-Electron\SFML-Electron\Source.cpp(134,26): warning C4244: '+=': conversion from 'double' to 'T', possible loss of data
          with
          [
              T=float
          ]
C:\Users\plays\source\repos\SFML-Electron\SFML-Electron\Source.cpp(136,25): warning C4244: '+=': conversion from 'double' to 'T', possible loss of data
          with
          [
              T=float
          ]
C:\Users\plays\source\repos\SFML-Electron\SFML-Electron\Source.cpp(296,41): warning C4305: 'argument': truncation from 'double' to 'T'
          with
          [
              T=float
          ]
C:\Users\plays\source\repos\SFML-Electron\SFML-Electron\Source.cpp(313,39): warning C4244: '=': conversion from 'T' to 'T', possible loss of data
          with
          [
              T=int
          ]
          and
          [
              T=float
          ]
C:\Users\plays\source\repos\SFML-Electron\SFML-Electron\Source.cpp(314,39): warning C4244: '=': conversion from 'T' to 'T', possible loss of data
          with
          [
              T=int
          ]
          and
          [
              T=float
          ]
C:\Users\plays\source\repos\SFML-Electron\SFML-Electron\Source.cpp(325,28): warning C4305: 'argument': truncation from 'double' to 'float'
C:\Users\plays\source\repos\SFML-Electron\SFML-Electron\Source.cpp(332,28): warning C4305: 'argument': truncation from 'double' to 'float'
C:\Users\plays\source\repos\SFML-Electron\SFML-Electron\Source.cpp(393,36): warning C4305: 'argument': truncation from 'double' to 'float'
C:\Users\plays\source\repos\SFML-Electron\SFML-Electron\Source.cpp(411,40): warning C4244: '=': conversion from 'T' to 'T', possible loss of data
          with
          [
              T=int
          ]
          and
          [
              T=float
          ]
C:\Users\plays\source\repos\SFML-Electron\SFML-Electron\Source.cpp(412,40): warning C4244: '=': conversion from 'T' to 'T', possible loss of data
          with
          [
              T=int
          ]
          and
          [
              T=float
          ]
C:\Users\plays\source\repos\SFML-Electron\SFML-Electron\Source.cpp(453,173): warning C4305: 'argument': truncation from 'double' to 'T'
          with
          [
              T=float
          ]
C:\Users\plays\source\repos\SFML-Electron\SFML-Electron\Source.cpp(648,40): warning C4305: 'argument': truncation from 'double' to 'T'
          with
          [
              T=float
          ]
C:\Users\plays\source\repos\SFML-Electron\SFML-Electron\Source.cpp(784,34): warning C4305: 'argument': truncation from 'double' to 'T'
          with
          [
              T=float
          ]
C:\Users\plays\source\repos\SFML-Electron\SFML-Electron\Source.cpp(790,40): warning C4305: 'argument': truncation from 'double' to 'T'
          with
          [
              T=float
          ]
C:\Users\plays\source\repos\SFML-Electron\SFML-Electron\Source.cpp(796,36): warning C4305: 'argument': truncation from 'double' to 'T'
          with
          [
              T=float
          ]
C:\Users\plays\source\repos\SFML-Electron\SFML-Electron\Source.cpp(937,28): warning C4305: 'argument': truncation from 'double' to 'float'
  SFML-Electron.vcxproj -> C:\Users\plays\source\repos\SFML-Electron\x64\Debug\SFML-Electron.exe
